<?xml version="1.0" encoding="UTF-8"?>
<!-- Generated by org.testng.reporters.JUnitReportReporter -->
<testsuite hostname="new-host.home" name="org.springframework.data.keyvalue.riak.client.RiakRestClientTests" tests="7" failures="0" timestamp="26 Mar 2011 03:21:56 GMT" time="6.287" errors="0">
  <testcase name="storeKeyValueTest" time="1.057" classname="org.springframework.data.keyvalue.riak.client.RiakRestClientTests"/>
  <testcase name="deleteKeyTest" time="0.290" classname="org.springframework.data.keyvalue.riak.client.RiakRestClientTests"/>
  <testcase name="getValueTest" time="0.155" classname="org.springframework.data.keyvalue.riak.client.RiakRestClientTests"/>
  <testcase name="listBucketsTest" time="1.210" classname="org.springframework.data.keyvalue.riak.client.RiakRestClientTests"/>
  <testcase name="getBucketInformationTest" time="2.344" classname="org.springframework.data.keyvalue.riak.client.RiakRestClientTests"/>
  <testcase name="setBucketInformationTest" time="0.330" classname="org.springframework.data.keyvalue.riak.client.RiakRestClientTests"/>
  <testcase name="storeValueTest" time="0.901" classname="org.springframework.data.keyvalue.riak.client.RiakRestClientTests"/>
</testsuite>
